MAX_CONCURRENT_TASKS = 100
(node:52082) [DEP0040] DeprecationWarning: The `punycode` module is deprecated. Please use a userland alternative instead.
(Use `node --trace-deprecation ...` to show where the warning was created)
发现 14 个未完成的运行中任务，恢复到队列...
恢复完成: 队列任务数: 8574, 已完成: 268, 错误: 4018
任务状态已保存到文件
初始化API端点配置:
- https://kdw16tm655k3s1-8082.proxy.runpod.net/scrape: 最大并发数=3
- https://os8tm9eu20m77i-8082.proxy.runpod.net/scrape: 最大并发数=3
执行API端点健康检查...
检查基础URL: https://kdw16tm655k3s1-8082.proxy.runpod.net
基础端口检查状态码: 404
端点 https://kdw16tm655k3s1-8082.proxy.runpod.net/scrape 状态更新: { running: '0/3', status: 'active', maxConcurrent: 3 }
端点 https://kdw16tm655k3s1-8082.proxy.runpod.net/scrape 健康检查: 正常 (端口活跃)
检查基础URL: https://os8tm9eu20m77i-8082.proxy.runpod.net
基础端口检查状态码: 404
端点 https://os8tm9eu20m77i-8082.proxy.runpod.net/scrape 状态更新: { running: '0/3', status: 'active', maxConcurrent: 3 }
端点 https://os8tm9eu20m77i-8082.proxy.runpod.net/scrape 健康检查: 正常 (端口活跃)
API端点状态:
https://kdw16tm655k3s1-8082.proxy.runpod.net/scrape: active, 运行中: 0/3
https://os8tm9eu20m77i-8082.proxy.runpod.net/scrape: active, 运行中: 0/3
恢复处理队列中的 8574 个任务...
任务管理器API服务运行在端口 8083
最大并发任务数: 100
可用工作流文件:
- test_meituan.json
- test_jingdong_1.json
- test_jingdong_2.json
- test_jingdong_3.json
- test_jingdong_4.json
工作流JSON文件目录: /Users/zhanggongqing/project/smartrpa_backgroud_new/workflow_json
任务状态文件: /Users/zhanggongqing/project/smartrpa_backgroud_new/task_status.json
开始清理运行中但可能已经完成的任务...
没有发现需要清理的任务
任务状态已保存到文件

=============== 任务处理状态 ===============
当前时间: 2025-03-16T10:38:30.369Z
运行中任务数: 0
队列中任务数: 8574
错误任务数: 4018
============================================

=============== 详细并发状态 ===============
端点 https://kdw16tm655k3s1-8082.proxy.runpod.net/scrape:
  运行任务数: 0/3 (有容量: true)
  上次提交: 1970-01-01T00:00:00.000Z
  时间就绪: true (经过 1742121510.407秒，需要 120秒)
端点 https://os8tm9eu20m77i-8082.proxy.runpod.net/scrape:
  运行任务数: 0/3 (有容量: true)
  上次提交: 1970-01-01T00:00:00.000Z
  时间就绪: true (经过 1742121510.407秒，需要 120秒)
============================================
检查端点 https://kdw16tm655k3s1-8082.proxy.runpod.net/scrape 可用性详情: {
  isActive: true,
  hasCapacity: true,
  timeReady: true,
  actualRunning: 0,
  maxConcurrent: 3,
  timeSinceLastSubmit: '1742121510.407秒',
  '比较结果': '0 < 3 = true'
}
检查端点 https://os8tm9eu20m77i-8082.proxy.runpod.net/scrape 可用性详情: {
  isActive: true,
  hasCapacity: true,
  timeReady: true,
  actualRunning: 0,
  maxConcurrent: 3,
  timeSinceLastSubmit: '1742121510.407秒',
  '比较结果': '0 < 3 = true'
}
选择端点: https://kdw16tm655k3s1-8082.proxy.runpod.net/scrape 提交下一个任务
启动任务: 2011230006211, 用户: user_1742013459, API端点: https://kdw16tm655k3s1-8082.proxy.runpod.net/scrape
端点 https://kdw16tm655k3s1-8082.proxy.runpod.net/scrape 最后提交时间更新为: 2025-03-16T10:38:30.408Z
任务状态已保存到文件
开始执行工作流: kandeng.json, 用户ID: user_1742013459
从workflow_json目录加载工作流文件: kandeng.json
工作流 kandeng.json 已加载，包含 15 个事件
向API端点 https://kdw16tm655k3s1-8082.proxy.runpod.net/scrape 提交任务 2011230006211
任务 2011230006211 已提交到服务器，开始远程执行，将持续监控状态
为任务 2011230006211 设置心跳检测
任务状态已保存到文件
任务状态已保存到文件
任务 2011230006211 执行完成

=============== 任务处理状态 ===============
当前时间: 2025-03-16T10:38:31.514Z
运行中任务数: 1
队列中任务数: 8573
错误任务数: 4018
============================================

=============== 详细并发状态 ===============
端点 https://kdw16tm655k3s1-8082.proxy.runpod.net/scrape:
  运行任务数: 0/3 (有容量: true)
  上次提交: 2025-03-16T10:38:30.408Z
  时间就绪: false (经过 1.151秒，需要 30秒)
端点 https://os8tm9eu20m77i-8082.proxy.runpod.net/scrape:
  运行任务数: 0/3 (有容量: true)
  上次提交: 1970-01-01T00:00:00.000Z
  时间就绪: true (经过 1742121511.559秒，需要 120秒)
============================================
检查端点 https://kdw16tm655k3s1-8082.proxy.runpod.net/scrape 可用性详情: {
  isActive: true,
  hasCapacity: true,
  timeReady: false,
  actualRunning: 0,
  maxConcurrent: 3,
  timeSinceLastSubmit: '1.151秒',
  '比较结果': '0 < 3 = true'
}
检查端点 https://os8tm9eu20m77i-8082.proxy.runpod.net/scrape 可用性详情: {
  isActive: true,
  hasCapacity: true,
  timeReady: true,
  actualRunning: 0,
  maxConcurrent: 3,
  timeSinceLastSubmit: '1742121511.559秒',
  '比较结果': '0 < 3 = true'
}
选择端点: https://os8tm9eu20m77i-8082.proxy.runpod.net/scrape 提交下一个任务
启动任务: 2011230005611, 用户: user_1742013458, API端点: https://os8tm9eu20m77i-8082.proxy.runpod.net/scrape
端点 https://os8tm9eu20m77i-8082.proxy.runpod.net/scrape 最后提交时间更新为: 2025-03-16T10:38:31.560Z
任务状态已保存到文件
开始执行工作流: kandeng.json, 用户ID: user_1742013458
从workflow_json目录加载工作流文件: kandeng.json
工作流 kandeng.json 已加载，包含 15 个事件
向API端点 https://os8tm9eu20m77i-8082.proxy.runpod.net/scrape 提交任务 2011230005611
任务 2011230005611 已提交到服务器，开始远程执行，将持续监控状态
为任务 2011230005611 设置心跳检测
任务状态已保存到文件
任务状态已保存到文件
任务 2011230005611 执行完成

=============== 任务处理状态 ===============
当前时间: 2025-03-16T10:38:32.649Z
运行中任务数: 2
队列中任务数: 8572
错误任务数: 4018
============================================

=============== 详细并发状态 ===============
端点 https://kdw16tm655k3s1-8082.proxy.runpod.net/scrape:
  运行任务数: 0/3 (有容量: true)
  上次提交: 2025-03-16T10:38:30.408Z
  时间就绪: false (经过 2.311秒，需要 30秒)
端点 https://os8tm9eu20m77i-8082.proxy.runpod.net/scrape:
  运行任务数: 0/3 (有容量: true)
  上次提交: 2025-03-16T10:38:31.560Z
  时间就绪: false (经过 1.159秒，需要 30秒)
============================================
检查端点 https://kdw16tm655k3s1-8082.proxy.runpod.net/scrape 可用性详情: {
  isActive: true,
  hasCapacity: true,
  timeReady: false,
  actualRunning: 0,
  maxConcurrent: 3,
  timeSinceLastSubmit: '2.311秒',
  '比较结果': '0 < 3 = true'
}
检查端点 https://os8tm9eu20m77i-8082.proxy.runpod.net/scrape 可用性详情: {
  isActive: true,
  hasCapacity: true,
  timeReady: false,
  actualRunning: 0,
  maxConcurrent: 3,
  timeSinceLastSubmit: '1.159秒',
  '比较结果': '0 < 3 = true'
}
没有可用端点（所有端点可能达到最大并发数或时间间隔未到）
没有可用端点（所有端点可能达到最大并发数或时间间隔未到），等待5秒后重试
初始状态检查: https://kdw16tm655k3s1-8082.proxy.runpod.net/task-status?id=2011230006211
初始状态检查: https://os8tm9eu20m77i-8082.proxy.runpod.net/task-status?id=2011230005611

=============== 任务处理状态 ===============
当前时间: 2025-03-16T10:38:37.773Z
运行中任务数: 2
队列中任务数: 8572
错误任务数: 4018
============================================

=============== 详细并发状态 ===============
端点 https://kdw16tm655k3s1-8082.proxy.runpod.net/scrape:
  运行任务数: 0/3 (有容量: true)
  上次提交: 2025-03-16T10:38:30.408Z
  时间就绪: false (经过 7.414秒，需要 30秒)
端点 https://os8tm9eu20m77i-8082.proxy.runpod.net/scrape:
  运行任务数: 0/3 (有容量: true)
  上次提交: 2025-03-16T10:38:31.560Z
  时间就绪: false (经过 6.262秒，需要 30秒)
============================================
检查端点 https://kdw16tm655k3s1-8082.proxy.runpod.net/scrape 可用性详情: {
  isActive: true,
  hasCapacity: true,
  timeReady: false,
  actualRunning: 0,
  maxConcurrent: 3,
  timeSinceLastSubmit: '7.414秒',
  '比较结果': '0 < 3 = true'
}
检查端点 https://os8tm9eu20m77i-8082.proxy.runpod.net/scrape 可用性详情: {
  isActive: true,
  hasCapacity: true,
  timeReady: false,
  actualRunning: 0,
  maxConcurrent: 3,
  timeSinceLastSubmit: '6.262秒',
  '比较结果': '0 < 3 = true'
}
没有可用端点（所有端点可能达到最大并发数或时间间隔未到）
没有可用端点（所有端点可能达到最大并发数或时间间隔未到），等待5秒后重试
任务 2011230006211 初始状态: not_found
警告: 任务 2011230006211 提交后未在服务器上找到，将继续监控
任务 2011230005611 初始状态: not_found
警告: 任务 2011230005611 提交后未在服务器上找到，将继续监控

=============== 任务处理状态 ===============
当前时间: 2025-03-16T10:38:42.865Z
运行中任务数: 2
队列中任务数: 8572
错误任务数: 4018
============================================

=============== 详细并发状态 ===============
端点 https://kdw16tm655k3s1-8082.proxy.runpod.net/scrape:
  运行任务数: 0/3 (有容量: true)
  上次提交: 2025-03-16T10:38:30.408Z
  时间就绪: false (经过 12.496秒，需要 30秒)
端点 https://os8tm9eu20m77i-8082.proxy.runpod.net/scrape:
  运行任务数: 0/3 (有容量: true)
  上次提交: 2025-03-16T10:38:31.560Z
  时间就绪: false (经过 11.344秒，需要 30秒)
============================================
检查端点 https://kdw16tm655k3s1-8082.proxy.runpod.net/scrape 可用性详情: {
  isActive: true,
  hasCapacity: true,
  timeReady: false,
  actualRunning: 0,
  maxConcurrent: 3,
  timeSinceLastSubmit: '12.496秒',
  '比较结果': '0 < 3 = true'
}
检查端点 https://os8tm9eu20m77i-8082.proxy.runpod.net/scrape 可用性详情: {
  isActive: true,
  hasCapacity: true,
  timeReady: false,
  actualRunning: 0,
  maxConcurrent: 3,
  timeSinceLastSubmit: '11.344秒',
  '比较结果': '0 < 3 = true'
}
没有可用端点（所有端点可能达到最大并发数或时间间隔未到）
没有可用端点（所有端点可能达到最大并发数或时间间隔未到），等待5秒后重试

=============== 任务处理状态 ===============
当前时间: 2025-03-16T10:38:47.976Z
运行中任务数: 2
队列中任务数: 8572
错误任务数: 4018
============================================

=============== 详细并发状态 ===============
端点 https://kdw16tm655k3s1-8082.proxy.runpod.net/scrape:
  运行任务数: 0/3 (有容量: true)
  上次提交: 2025-03-16T10:38:30.408Z
  时间就绪: false (经过 17.611秒，需要 30秒)
端点 https://os8tm9eu20m77i-8082.proxy.runpod.net/scrape:
  运行任务数: 0/3 (有容量: true)
  上次提交: 2025-03-16T10:38:31.560Z
  时间就绪: false (经过 16.459秒，需要 30秒)
============================================
检查端点 https://kdw16tm655k3s1-8082.proxy.runpod.net/scrape 可用性详情: {
  isActive: true,
  hasCapacity: true,
  timeReady: false,
  actualRunning: 0,
  maxConcurrent: 3,
  timeSinceLastSubmit: '17.611秒',
  '比较结果': '0 < 3 = true'
}
检查端点 https://os8tm9eu20m77i-8082.proxy.runpod.net/scrape 可用性详情: {
  isActive: true,
  hasCapacity: true,
  timeReady: false,
  actualRunning: 0,
  maxConcurrent: 3,
  timeSinceLastSubmit: '16.459秒',
  '比较结果': '0 < 3 = true'
}
没有可用端点（所有端点可能达到最大并发数或时间间隔未到）
没有可用端点（所有端点可能达到最大并发数或时间间隔未到），等待5秒后重试

=============== 任务处理状态 ===============
当前时间: 2025-03-16T10:38:53.082Z
运行中任务数: 2
队列中任务数: 8572
错误任务数: 4018
============================================

=============== 详细并发状态 ===============
端点 https://kdw16tm655k3s1-8082.proxy.runpod.net/scrape:
  运行任务数: 0/3 (有容量: true)
  上次提交: 2025-03-16T10:38:30.408Z
  时间就绪: false (经过 22.712秒，需要 30秒)
端点 https://os8tm9eu20m77i-8082.proxy.runpod.net/scrape:
  运行任务数: 0/3 (有容量: true)
  上次提交: 2025-03-16T10:38:31.560Z
  时间就绪: false (经过 21.56秒，需要 30秒)
============================================
检查端点 https://kdw16tm655k3s1-8082.proxy.runpod.net/scrape 可用性详情: {
  isActive: true,
  hasCapacity: true,
  timeReady: false,
  actualRunning: 0,
  maxConcurrent: 3,
  timeSinceLastSubmit: '22.712秒',
  '比较结果': '0 < 3 = true'
}
检查端点 https://os8tm9eu20m77i-8082.proxy.runpod.net/scrape 可用性详情: {
  isActive: true,
  hasCapacity: true,
  timeReady: false,
  actualRunning: 0,
  maxConcurrent: 3,
  timeSinceLastSubmit: '21.56秒',
  '比较结果': '0 < 3 = true'
}
没有可用端点（所有端点可能达到最大并发数或时间间隔未到）
没有可用端点（所有端点可能达到最大并发数或时间间隔未到），等待5秒后重试
任务状态报告:
- 队列中: 8572
- 运行中: 2
- 已完成: 268
- 失败: 4018

=============== 任务处理状态 ===============
当前时间: 2025-03-16T10:38:58.157Z
运行中任务数: 2
队列中任务数: 8572
错误任务数: 4018
============================================

=============== 详细并发状态 ===============
端点 https://kdw16tm655k3s1-8082.proxy.runpod.net/scrape:
  运行任务数: 0/3 (有容量: true)
  上次提交: 2025-03-16T10:38:30.408Z
  时间就绪: false (经过 27.786秒，需要 30秒)
端点 https://os8tm9eu20m77i-8082.proxy.runpod.net/scrape:
  运行任务数: 0/3 (有容量: true)
  上次提交: 2025-03-16T10:38:31.560Z
  时间就绪: false (经过 26.634秒，需要 30秒)
============================================
检查端点 https://kdw16tm655k3s1-8082.proxy.runpod.net/scrape 可用性详情: {
  isActive: true,
  hasCapacity: true,
  timeReady: false,
  actualRunning: 0,
  maxConcurrent: 3,
  timeSinceLastSubmit: '27.786秒',
  '比较结果': '0 < 3 = true'
}
检查端点 https://os8tm9eu20m77i-8082.proxy.runpod.net/scrape 可用性详情: {
  isActive: true,
  hasCapacity: true,
  timeReady: false,
  actualRunning: 0,
  maxConcurrent: 3,
  timeSinceLastSubmit: '26.634秒',
  '比较结果': '0 < 3 = true'
}
没有可用端点（所有端点可能达到最大并发数或时间间隔未到）
没有可用端点（所有端点可能达到最大并发数或时间间隔未到），等待5秒后重试
发送心跳检测: https://kdw16tm655k3s1-8082.proxy.runpod.net/heartbeat?id=2011230006211
发送心跳检测: https://os8tm9eu20m77i-8082.proxy.runpod.net/heartbeat?id=2011230005611

=============== 任务处理状态 ===============
当前时间: 2025-03-16T10:39:03.239Z
运行中任务数: 2
队列中任务数: 8572
错误任务数: 4018
============================================

任务 2011230006211 心跳状态: not_found, 进度: N/A
=============== 详细并发状态 ===============
端点 https://kdw16tm655k3s1-8082.proxy.runpod.net/scrape:
  运行任务数: 0/3 (有容量: true)
  上次提交: 2025-03-16T10:38:30.408Z
  时间就绪: true (经过 32.866秒，需要 30秒)
端点 https://os8tm9eu20m77i-8082.proxy.runpod.net/scrape:
  运行任务数: 0/3 (有容量: true)
  上次提交: 2025-03-16T10:38:31.560Z
  时间就绪: true (经过 31.714秒，需要 30秒)
============================================
检查端点 https://kdw16tm655k3s1-8082.proxy.runpod.net/scrape 可用性详情: {
  isActive: true,
  hasCapacity: true,
  timeReady: true,
  actualRunning: 0,
  maxConcurrent: 3,
  timeSinceLastSubmit: '32.866秒',
  '比较结果': '0 < 3 = true'
}
检查端点 https://os8tm9eu20m77i-8082.proxy.runpod.net/scrape 可用性详情: {
  isActive: true,
  hasCapacity: true,
  timeReady: true,
  actualRunning: 0,
  maxConcurrent: 3,
  timeSinceLastSubmit: '31.714秒',
  '比较结果': '0 < 3 = true'
}
选择端点: https://kdw16tm655k3s1-8082.proxy.runpod.net/scrape 提交下一个任务
启动任务: 2011230005111, 用户: user_1742013458, API端点: https://kdw16tm655k3s1-8082.proxy.runpod.net/scrape
端点 https://kdw16tm655k3s1-8082.proxy.runpod.net/scrape 最后提交时间更新为: 2025-03-16T10:39:03.274Z
任务状态已保存到文件
开始执行工作流: kandeng.json, 用户ID: user_1742013458
从workflow_json目录加载工作流文件: kandeng.json
工作流 kandeng.json 已加载，包含 15 个事件
向API端点 https://kdw16tm655k3s1-8082.proxy.runpod.net/scrape 提交任务 2011230005111
任务 2011230005111 已提交到服务器，开始远程执行，将持续监控状态
为任务 2011230005111 设置心跳检测
任务状态已保存到文件
任务状态已保存到文件
任务 2011230005111 执行完成
任务 2011230005611 心跳状态: not_found, 进度: N/A

=============== 任务处理状态 ===============
当前时间: 2025-03-16T10:39:04.385Z
运行中任务数: 3
队列中任务数: 8571
错误任务数: 4018
============================================

=============== 详细并发状态 ===============
端点 https://kdw16tm655k3s1-8082.proxy.runpod.net/scrape:
  运行任务数: 1/3 (有容量: true)
  上次提交: 2025-03-16T10:39:03.274Z
  时间就绪: false (经过 1.177秒，需要 30秒)
  1. kandeng.json (用户: user_1742013458)
端点 https://os8tm9eu20m77i-8082.proxy.runpod.net/scrape:
  运行任务数: 0/3 (有容量: true)
  上次提交: 2025-03-16T10:38:31.560Z
  时间就绪: true (经过 32.891秒，需要 30秒)
============================================
检查端点 https://kdw16tm655k3s1-8082.proxy.runpod.net/scrape 可用性详情: {
  isActive: true,
  hasCapacity: true,
  timeReady: false,
  actualRunning: 1,
  maxConcurrent: 3,
  timeSinceLastSubmit: '1.177秒',
  '比较结果': '1 < 3 = true'
}
检查端点 https://os8tm9eu20m77i-8082.proxy.runpod.net/scrape 可用性详情: {
  isActive: true,
  hasCapacity: true,
  timeReady: true,
  actualRunning: 0,
  maxConcurrent: 3,
  timeSinceLastSubmit: '32.891秒',
  '比较结果': '0 < 3 = true'
}
选择端点: https://os8tm9eu20m77i-8082.proxy.runpod.net/scrape 提交下一个任务
启动任务: 2011230005011, 用户: user_1742013458, API端点: https://os8tm9eu20m77i-8082.proxy.runpod.net/scrape
端点 https://os8tm9eu20m77i-8082.proxy.runpod.net/scrape 最后提交时间更新为: 2025-03-16T10:39:04.451Z
任务状态已保存到文件
开始执行工作流: kandeng.json, 用户ID: user_1742013458
从workflow_json目录加载工作流文件: kandeng.json
工作流 kandeng.json 已加载，包含 15 个事件
向API端点 https://os8tm9eu20m77i-8082.proxy.runpod.net/scrape 提交任务 2011230005011
任务 2011230005011 已提交到服务器，开始远程执行，将持续监控状态
为任务 2011230005011 设置心跳检测
任务状态已保存到文件
任务状态已保存到文件
任务 2011230005011 执行完成

=============== 任务处理状态 ===============
当前时间: 2025-03-16T10:39:05.565Z
运行中任务数: 4
队列中任务数: 8570
错误任务数: 4018
============================================

=============== 详细并发状态 ===============
端点 https://kdw16tm655k3s1-8082.proxy.runpod.net/scrape:
  运行任务数: 1/3 (有容量: true)
  上次提交: 2025-03-16T10:39:03.274Z
  时间就绪: false (经过 2.589秒，需要 30秒)
  1. kandeng.json (用户: user_1742013458)
端点 https://os8tm9eu20m77i-8082.proxy.runpod.net/scrape:
  运行任务数: 1/3 (有容量: true)
  上次提交: 2025-03-16T10:39:04.451Z
  时间就绪: false (经过 1.412秒，需要 30秒)
  1. kandeng.json (用户: user_1742013458)
============================================
检查端点 https://kdw16tm655k3s1-8082.proxy.runpod.net/scrape 可用性详情: {
  isActive: true,
  hasCapacity: true,
  timeReady: false,
  actualRunning: 1,
  maxConcurrent: 3,
  timeSinceLastSubmit: '2.589秒',
  '比较结果': '1 < 3 = true'
}
检查端点 https://os8tm9eu20m77i-8082.proxy.runpod.net/scrape 可用性详情: {
  isActive: true,
  hasCapacity: true,
  timeReady: false,
  actualRunning: 1,
  maxConcurrent: 3,
  timeSinceLastSubmit: '1.412秒',
  '比较结果': '1 < 3 = true'
}
没有可用端点（所有端点可能达到最大并发数或时间间隔未到）
没有可用端点（所有端点可能达到最大并发数或时间间隔未到），等待5秒后重试
初始状态检查: https://kdw16tm655k3s1-8082.proxy.runpod.net/task-status?id=2011230005111
初始状态检查: https://os8tm9eu20m77i-8082.proxy.runpod.net/task-status?id=2011230005011

=============== 任务处理状态 ===============
当前时间: 2025-03-16T10:39:10.925Z
运行中任务数: 4
队列中任务数: 8570
错误任务数: 4018
============================================

任务 2011230005111 初始状态: not_found
警告: 任务 2011230005111 提交后未在服务器上找到，将继续监控
=============== 详细并发状态 ===============
端点 https://kdw16tm655k3s1-8082.proxy.runpod.net/scrape:
  运行任务数: 1/3 (有容量: true)
  上次提交: 2025-03-16T10:39:03.274Z
  时间就绪: false (经过 7.697秒，需要 30秒)
  1. kandeng.json (用户: user_1742013458)
端点 https://os8tm9eu20m77i-8082.proxy.runpod.net/scrape:
  运行任务数: 1/3 (有容量: true)
  上次提交: 2025-03-16T10:39:04.451Z
  时间就绪: false (经过 6.52秒，需要 30秒)
  1. kandeng.json (用户: user_1742013458)
============================================
检查端点 https://kdw16tm655k3s1-8082.proxy.runpod.net/scrape 可用性详情: {
  isActive: true,
  hasCapacity: true,
  timeReady: false,
  actualRunning: 1,
  maxConcurrent: 3,
  timeSinceLastSubmit: '7.697秒',
  '比较结果': '1 < 3 = true'
}
检查端点 https://os8tm9eu20m77i-8082.proxy.runpod.net/scrape 可用性详情: {
  isActive: true,
  hasCapacity: true,
  timeReady: false,
  actualRunning: 1,
  maxConcurrent: 3,
  timeSinceLastSubmit: '6.52秒',
  '比较结果': '1 < 3 = true'
}
没有可用端点（所有端点可能达到最大并发数或时间间隔未到）
没有可用端点（所有端点可能达到最大并发数或时间间隔未到），等待5秒后重试
任务 2011230005011 初始状态: not_found
警告: 任务 2011230005011 提交后未在服务器上找到，将继续监控

=============== 任务处理状态 ===============
当前时间: 2025-03-16T10:39:16.030Z
运行中任务数: 4
队列中任务数: 8570
错误任务数: 4018
============================================

=============== 详细并发状态 ===============
端点 https://kdw16tm655k3s1-8082.proxy.runpod.net/scrape:
  运行任务数: 1/3 (有容量: true)
  上次提交: 2025-03-16T10:39:03.274Z
  时间就绪: false (经过 12.8秒，需要 30秒)
  1. kandeng.json (用户: user_1742013458)
端点 https://os8tm9eu20m77i-8082.proxy.runpod.net/scrape:
  运行任务数: 1/3 (有容量: true)
  上次提交: 2025-03-16T10:39:04.451Z
  时间就绪: false (经过 11.623秒，需要 30秒)
  1. kandeng.json (用户: user_1742013458)
============================================
检查端点 https://kdw16tm655k3s1-8082.proxy.runpod.net/scrape 可用性详情: {
  isActive: true,
  hasCapacity: true,
  timeReady: false,
  actualRunning: 1,
  maxConcurrent: 3,
  timeSinceLastSubmit: '12.8秒',
  '比较结果': '1 < 3 = true'
}
检查端点 https://os8tm9eu20m77i-8082.proxy.runpod.net/scrape 可用性详情: {
  isActive: true,
  hasCapacity: true,
  timeReady: false,
  actualRunning: 1,
  maxConcurrent: 3,
  timeSinceLastSubmit: '11.623秒',
  '比较结果': '1 < 3 = true'
}
没有可用端点（所有端点可能达到最大并发数或时间间隔未到）
没有可用端点（所有端点可能达到最大并发数或时间间隔未到），等待5秒后重试

=============== 任务处理状态 ===============
当前时间: 2025-03-16T10:39:21.116Z
运行中任务数: 4
队列中任务数: 8570
错误任务数: 4018
============================================

=============== 详细并发状态 ===============
端点 https://kdw16tm655k3s1-8082.proxy.runpod.net/scrape:
  运行任务数: 1/3 (有容量: true)
  上次提交: 2025-03-16T10:39:03.274Z
  时间就绪: false (经过 17.885秒，需要 30秒)
  1. kandeng.json (用户: user_1742013458)
端点 https://os8tm9eu20m77i-8082.proxy.runpod.net/scrape:
  运行任务数: 1/3 (有容量: true)
  上次提交: 2025-03-16T10:39:04.451Z
  时间就绪: false (经过 16.708秒，需要 30秒)
  1. kandeng.json (用户: user_1742013458)
============================================
检查端点 https://kdw16tm655k3s1-8082.proxy.runpod.net/scrape 可用性详情: {
  isActive: true,
  hasCapacity: true,
  timeReady: false,
  actualRunning: 1,
  maxConcurrent: 3,
  timeSinceLastSubmit: '17.885秒',
  '比较结果': '1 < 3 = true'
}
检查端点 https://os8tm9eu20m77i-8082.proxy.runpod.net/scrape 可用性详情: {
  isActive: true,
  hasCapacity: true,
  timeReady: false,
  actualRunning: 1,
  maxConcurrent: 3,
  timeSinceLastSubmit: '16.708秒',
  '比较结果': '1 < 3 = true'
}
没有可用端点（所有端点可能达到最大并发数或时间间隔未到）
没有可用端点（所有端点可能达到最大并发数或时间间隔未到），等待5秒后重试
执行API端点健康检查...
检查基础URL: https://kdw16tm655k3s1-8082.proxy.runpod.net
任务状态报告:
- 队列中: 8570
- 运行中: 4
- 已完成: 268
- 失败: 4018

=============== 任务处理状态 ===============
当前时间: 2025-03-16T10:39:26.214Z
运行中任务数: 4
队列中任务数: 8570
错误任务数: 4018
============================================

=============== 详细并发状态 ===============
端点 https://kdw16tm655k3s1-8082.proxy.runpod.net/scrape:
  运行任务数: 1/3 (有容量: true)
  上次提交: 2025-03-16T10:39:03.274Z
  时间就绪: false (经过 22.981秒，需要 30秒)
  1. kandeng.json (用户: user_1742013458)
端点 https://os8tm9eu20m77i-8082.proxy.runpod.net/scrape:
  运行任务数: 1/3 (有容量: true)
  上次提交: 2025-03-16T10:39:04.451Z
  时间就绪: false (经过 21.804秒，需要 30秒)
  1. kandeng.json (用户: user_1742013458)
============================================
检查端点 https://kdw16tm655k3s1-8082.proxy.runpod.net/scrape 可用性详情: {
  isActive: true,
  hasCapacity: true,
  timeReady: false,
  actualRunning: 1,
  maxConcurrent: 3,
  timeSinceLastSubmit: '22.981秒',
  '比较结果': '1 < 3 = true'
}
检查端点 https://os8tm9eu20m77i-8082.proxy.runpod.net/scrape 可用性详情: {
  isActive: true,
  hasCapacity: true,
  timeReady: false,
  actualRunning: 1,
  maxConcurrent: 3,
  timeSinceLastSubmit: '21.804秒',
  '比较结果': '1 < 3 = true'
}
没有可用端点（所有端点可能达到最大并发数或时间间隔未到）
没有可用端点（所有端点可能达到最大并发数或时间间隔未到），等待5秒后重试
基础端口检查状态码: 404
端点 https://kdw16tm655k3s1-8082.proxy.runpod.net/scrape 状态更新: { running: '2/3', status: 'active', maxConcurrent: 3 }
端点 https://kdw16tm655k3s1-8082.proxy.runpod.net/scrape 健康检查: 正常 (端口活跃)
检查基础URL: https://os8tm9eu20m77i-8082.proxy.runpod.net
基础端口检查状态码: 404
端点 https://os8tm9eu20m77i-8082.proxy.runpod.net/scrape 状态更新: { running: '2/3', status: 'active', maxConcurrent: 3 }
端点 https://os8tm9eu20m77i-8082.proxy.runpod.net/scrape 健康检查: 正常 (端口活跃)
API端点状态:
https://kdw16tm655k3s1-8082.proxy.runpod.net/scrape: active, 运行中: 2/3
https://os8tm9eu20m77i-8082.proxy.runpod.net/scrape: active, 运行中: 2/3
发送心跳检测: https://kdw16tm655k3s1-8082.proxy.runpod.net/heartbeat?id=2011230006211

=============== 任务处理状态 ===============
当前时间: 2025-03-16T10:39:31.330Z
运行中任务数: 4
队列中任务数: 8570
错误任务数: 4018
============================================

=============== 详细并发状态 ===============
端点 https://kdw16tm655k3s1-8082.proxy.runpod.net/scrape:
  运行任务数: 1/3 (有容量: true)
  上次提交: 2025-03-16T10:39:03.274Z
  时间就绪: false (经过 28.097秒，需要 30秒)
  1. kandeng.json (用户: user_1742013458)
端点 https://os8tm9eu20m77i-8082.proxy.runpod.net/scrape:
  运行任务数: 1/3 (有容量: true)
  上次提交: 2025-03-16T10:39:04.451Z
  时间就绪: false (经过 26.92秒，需要 30秒)
  1. kandeng.json (用户: user_1742013458)
============================================
检查端点 https://kdw16tm655k3s1-8082.proxy.runpod.net/scrape 可用性详情: {
  isActive: true,
  hasCapacity: true,
  timeReady: false,
  actualRunning: 1,
  maxConcurrent: 3,
  timeSinceLastSubmit: '28.097秒',
  '比较结果': '1 < 3 = true'
}
检查端点 https://os8tm9eu20m77i-8082.proxy.runpod.net/scrape 可用性详情: {
  isActive: true,
  hasCapacity: true,
  timeReady: false,
  actualRunning: 1,
  maxConcurrent: 3,
  timeSinceLastSubmit: '26.92秒',
  '比较结果': '1 < 3 = true'
}
没有可用端点（所有端点可能达到最大并发数或时间间隔未到）
没有可用端点（所有端点可能达到最大并发数或时间间隔未到），等待5秒后重试
任务 2011230006211 心跳状态: not_found, 进度: N/A
发送心跳检测: https://os8tm9eu20m77i-8082.proxy.runpod.net/heartbeat?id=2011230005611
任务 2011230005611 心跳状态: not_found, 进度: N/A
发送心跳检测: https://kdw16tm655k3s1-8082.proxy.runpod.net/heartbeat?id=2011230005111
任务 2011230005111 心跳状态: not_found, 进度: N/A
发送心跳检测: https://os8tm9eu20m77i-8082.proxy.runpod.net/heartbeat?id=2011230005011
任务 2011230005011 心跳状态: not_found, 进度: N/A

=============== 任务处理状态 ===============
当前时间: 2025-03-16T10:39:36.418Z
运行中任务数: 4
队列中任务数: 8570
错误任务数: 4018
============================================

=============== 详细并发状态 ===============
端点 https://kdw16tm655k3s1-8082.proxy.runpod.net/scrape:
  运行任务数: 1/3 (有容量: true)
  上次提交: 2025-03-16T10:39:03.274Z
  时间就绪: true (经过 33.185秒，需要 30秒)
  1. kandeng.json (用户: user_1742013458)
端点 https://os8tm9eu20m77i-8082.proxy.runpod.net/scrape:
  运行任务数: 1/3 (有容量: true)
  上次提交: 2025-03-16T10:39:04.451Z
  时间就绪: true (经过 32.008秒，需要 30秒)
  1. kandeng.json (用户: user_1742013458)
============================================
检查端点 https://kdw16tm655k3s1-8082.proxy.runpod.net/scrape 可用性详情: {
  isActive: true,
  hasCapacity: true,
  timeReady: true,
  actualRunning: 1,
  maxConcurrent: 3,
  timeSinceLastSubmit: '33.185秒',
  '比较结果': '1 < 3 = true'
}
检查端点 https://os8tm9eu20m77i-8082.proxy.runpod.net/scrape 可用性详情: {
  isActive: true,
  hasCapacity: true,
  timeReady: true,
  actualRunning: 1,
  maxConcurrent: 3,
  timeSinceLastSubmit: '32.008秒',
  '比较结果': '1 < 3 = true'
}
选择端点: https://kdw16tm655k3s1-8082.proxy.runpod.net/scrape 提交下一个任务
启动任务: 2011230004711, 用户: user_1742013457, API端点: https://kdw16tm655k3s1-8082.proxy.runpod.net/scrape
端点 https://kdw16tm655k3s1-8082.proxy.runpod.net/scrape 最后提交时间更新为: 2025-03-16T10:39:36.459Z
任务状态已保存到文件
开始执行工作流: kandeng.json, 用户ID: user_1742013457
从workflow_json目录加载工作流文件: kandeng.json
工作流 kandeng.json 已加载，包含 15 个事件
向API端点 https://kdw16tm655k3s1-8082.proxy.runpod.net/scrape 提交任务 2011230004711
任务 2011230004711 已提交到服务器，开始远程执行，将持续监控状态
为任务 2011230004711 设置心跳检测
任务状态已保存到文件
任务状态已保存到文件
任务 2011230004711 执行完成

=============== 任务处理状态 ===============
当前时间: 2025-03-16T10:39:37.924Z
运行中任务数: 5
队列中任务数: 8569
错误任务数: 4018
============================================

=============== 详细并发状态 ===============
端点 https://kdw16tm655k3s1-8082.proxy.runpod.net/scrape:
  运行任务数: 1/3 (有容量: true)
  上次提交: 2025-03-16T10:39:36.459Z
  时间就绪: false (经过 1.531秒，需要 30秒)
  1. kandeng.json (用户: user_1742013458)
端点 https://os8tm9eu20m77i-8082.proxy.runpod.net/scrape:
  运行任务数: 1/3 (有容量: true)
  上次提交: 2025-03-16T10:39:04.451Z
  时间就绪: true (经过 33.539秒，需要 30秒)
  1. kandeng.json (用户: user_1742013458)
============================================
检查端点 https://kdw16tm655k3s1-8082.proxy.runpod.net/scrape 可用性详情: {
  isActive: true,
  hasCapacity: true,
  timeReady: false,
  actualRunning: 1,
  maxConcurrent: 3,
  timeSinceLastSubmit: '1.531秒',
  '比较结果': '1 < 3 = true'
}
检查端点 https://os8tm9eu20m77i-8082.proxy.runpod.net/scrape 可用性详情: {
  isActive: true,
  hasCapacity: true,
  timeReady: true,
  actualRunning: 1,
  maxConcurrent: 3,
  timeSinceLastSubmit: '33.539秒',
  '比较结果': '1 < 3 = true'
}
选择端点: https://os8tm9eu20m77i-8082.proxy.runpod.net/scrape 提交下一个任务
启动任务: 2011230004311, 用户: user_1742013457, API端点: https://os8tm9eu20m77i-8082.proxy.runpod.net/scrape
端点 https://os8tm9eu20m77i-8082.proxy.runpod.net/scrape 最后提交时间更新为: 2025-03-16T10:39:37.991Z
任务状态已保存到文件
开始执行工作流: kandeng.json, 用户ID: user_1742013457
从workflow_json目录加载工作流文件: kandeng.json
工作流 kandeng.json 已加载，包含 15 个事件
向API端点 https://os8tm9eu20m77i-8082.proxy.runpod.net/scrape 提交任务 2011230004311
任务 2011230004311 已提交到服务器，开始远程执行，将持续监控状态
为任务 2011230004311 设置心跳检测
任务状态已保存到文件
任务状态已保存到文件
任务 2011230004311 执行完成

=============== 任务处理状态 ===============
当前时间: 2025-03-16T10:39:39.534Z
运行中任务数: 6
队列中任务数: 8568
错误任务数: 4018
============================================

=============== 详细并发状态 ===============
端点 https://kdw16tm655k3s1-8082.proxy.runpod.net/scrape:
  运行任务数: 1/3 (有容量: true)
  上次提交: 2025-03-16T10:39:36.459Z
  时间就绪: false (经过 3.148秒，需要 30秒)
  1. kandeng.json (用户: user_1742013458)
端点 https://os8tm9eu20m77i-8082.proxy.runpod.net/scrape:
  运行任务数: 2/3 (有容量: true)
  上次提交: 2025-03-16T10:39:37.991Z
  时间就绪: false (经过 1.616秒，需要 30秒)
  1. kandeng.json (用户: user_1742013458)
  2. kandeng.json (用户: user_1742013457)
============================================
检查端点 https://kdw16tm655k3s1-8082.proxy.runpod.net/scrape 可用性详情: {
  isActive: true,
  hasCapacity: true,
  timeReady: false,
  actualRunning: 1,
  maxConcurrent: 3,
  timeSinceLastSubmit: '3.148秒',
  '比较结果': '1 < 3 = true'
}
检查端点 https://os8tm9eu20m77i-8082.proxy.runpod.net/scrape 可用性详情: {
  isActive: true,
  hasCapacity: true,
  timeReady: false,
  actualRunning: 2,
  maxConcurrent: 3,
  timeSinceLastSubmit: '1.616秒',
  '比较结果': '2 < 3 = true'
}
没有可用端点（所有端点可能达到最大并发数或时间间隔未到）
没有可用端点（所有端点可能达到最大并发数或时间间隔未到），等待5秒后重试
初始状态检查: https://kdw16tm655k3s1-8082.proxy.runpod.net/task-status?id=2011230004711
任务 2011230004711 初始状态: not_found
警告: 任务 2011230004711 提交后未在服务器上找到，将继续监控
初始状态检查: https://os8tm9eu20m77i-8082.proxy.runpod.net/task-status?id=2011230004311

=============== 任务处理状态 ===============
当前时间: 2025-03-16T10:39:44.665Z
运行中任务数: 6
队列中任务数: 8568
错误任务数: 4018
============================================

=============== 详细并发状态 ===============
端点 https://kdw16tm655k3s1-8082.proxy.runpod.net/scrape:
  运行任务数: 1/3 (有容量: true)
  上次提交: 2025-03-16T10:39:36.459Z
  时间就绪: false (经过 8.252秒，需要 30秒)
  1. kandeng.json (用户: user_1742013458)
端点 https://os8tm9eu20m77i-8082.proxy.runpod.net/scrape:
  运行任务数: 2/3 (有容量: true)
  上次提交: 2025-03-16T10:39:37.991Z
  时间就绪: false (经过 6.72秒，需要 30秒)
  1. kandeng.json (用户: user_1742013458)
  2. kandeng.json (用户: user_1742013457)
============================================
检查端点 https://kdw16tm655k3s1-8082.proxy.runpod.net/scrape 可用性详情: {
  isActive: true,
  hasCapacity: true,
  timeReady: false,
  actualRunning: 1,
  maxConcurrent: 3,
  timeSinceLastSubmit: '8.252秒',
  '比较结果': '1 < 3 = true'
}
检查端点 https://os8tm9eu20m77i-8082.proxy.runpod.net/scrape 可用性详情: {
  isActive: true,
  hasCapacity: true,
  timeReady: false,
  actualRunning: 2,
  maxConcurrent: 3,
  timeSinceLastSubmit: '6.72秒',
  '比较结果': '2 < 3 = true'
}
没有可用端点（所有端点可能达到最大并发数或时间间隔未到）
没有可用端点（所有端点可能达到最大并发数或时间间隔未到），等待5秒后重试
